[    0.000000] Initializing cgroup subsys cpuset
[    0.000000] Initializing cgroup subsys cpu
[    0.000000] Initializing cgroup subsys cpuacct
[    0.000000] Linux version 4.4.0-186-generic (buildd@lcy01-amd64-002) (gcc version 5.4.0 20160609 (Ubuntu 5.4.0-6ubuntu1~16.04.12) ) #216-Ubuntu SMP Wed Jul 1 05:34:05 UTC 2020 (Ubuntu 4.4.0-186.216-generic 4.4.228)
[    0.000000] Command line: BOOT_IMAGE=/boot/vmlinuz-4.4.0-186-generic root=LABEL=cloudimg-rootfs ro console=tty1 console=ttyS0
[    0.000000] KERNEL supported cpus:
[    0.000000]   Intel GenuineIntel
[    0.000000]   AMD AuthenticAMD
[    0.000000]   Centaur CentaurHauls
[    0.000000] x86/fpu: xstate_offset[2]:  576, xstate_sizes[2]:  256
[    0.000000] x86/fpu: Supporting XSAVE feature 0x01: 'x87 floating point registers'
[    0.000000] x86/fpu: Supporting XSAVE feature 0x02: 'SSE registers'
[    0.000000] x86/fpu: Supporting XSAVE feature 0x04: 'AVX registers'
[    0.000000] x86/fpu: Enabled xstate features 0x7, context size is 832 bytes, using 'standard' format.
[    0.000000] e820: BIOS-provided physical RAM map:
[    0.000000] BIOS-e820: [mem 0x0000000000000000-0x000000000009fbff] usable
[    0.000000] BIOS-e820: [mem 0x000000000009fc00-0x000000000009ffff] reserved
[    0.000000] BIOS-e820: [mem 0x00000000000f0000-0x00000000000fffff] reserved
[    0.000000] BIOS-e820: [mem 0x0000000000100000-0x000000003ffeffff] usable
[    0.000000] BIOS-e820: [mem 0x000000003fff0000-0x000000003fffffff] ACPI data
[    0.000000] BIOS-e820: [mem 0x00000000fec00000-0x00000000fec00fff] reserved
[    0.000000] BIOS-e820: [mem 0x00000000fee00000-0x00000000fee00fff] reserved
[    0.000000] BIOS-e820: [mem 0x00000000fffc0000-0x00000000ffffffff] reserved
[    0.000000] NX (Execute Disable) protection: active
[    0.000000] SMBIOS 2.5 present.
[    0.000000] Hypervisor detected: KVM
[    0.000000] e820: last_pfn = 0x3fff0 max_arch_pfn = 0x400000000
[    0.000000] MTRR: Disabled
[    0.000000] x86/PAT: MTRRs disabled, skipping PAT initialization too.
[    0.000000] CPU MTRRs all blank - virtualized system.
[    0.000000] x86/PAT: Configuration [0-7]: WB  WT  UC- UC  WB  WT  UC- UC  
[    0.000000] found SMP MP-table at [mem 0x0009fff0-0x0009ffff] mapped at [ffff88000009fff0]
[    0.000000] Scanning 1 areas for low memory corruption
[    0.000000] RAMDISK: [mem 0x362e0000-0x37167fff]
[    0.000000] ACPI: Early table checksum verification disabled
[    0.000000] ACPI: RSDP 0x00000000000E0000 000024 (v02 VBOX  )
[    0.000000] ACPI: XSDT 0x000000003FFF0030 00003C (v01 VBOX   VBOXXSDT 00000001 ASL  00000061)
[    0.000000] ACPI: FACP 0x000000003FFF00F0 0000F4 (v04 VBOX   VBOXFACP 00000001 ASL  00000061)
[    0.000000] ACPI: DSDT 0x000000003FFF0470 0022EA (v02 VBOX   VBOXBIOS 00000002 INTL 20100528)
[    0.000000] ACPI: FACS 0x000000003FFF0200 000040
[    0.000000] ACPI: FACS 0x000000003FFF0200 000040
[    0.000000] ACPI: APIC 0x000000003FFF0240 00005C (v02 VBOX   VBOXAPIC 00000001 ASL  00000061)
[    0.000000] ACPI: SSDT 0x000000003FFF02A0 0001CC (v01 VBOX   VBOXCPUT 00000002 INTL 20100528)
[    0.000000] No NUMA configuration found
[    0.000000] Faking a node at [mem 0x0000000000000000-0x000000003ffeffff]
[    0.000000] NODE_DATA(0) allocated [mem 0x3ffeb000-0x3ffeffff]
[    0.000000] kvm-clock: Using msrs 4b564d01 and 4b564d00
[    0.000000] kvm-clock: cpu 0, msr 0:3ffe3001, primary cpu clock
[    0.000000] kvm-clock: using sched offset of 3498038245 cycles
[    0.000000] clocksource: kvm-clock: mask: 0xffffffffffffffff max_cycles: 0x1cd42e4dffb, max_idle_ns: 881590591483 ns
[    0.000000] Zone ranges:
[    0.000000]   DMA      [mem 0x0000000000001000-0x0000000000ffffff]
[    0.000000]   DMA32    [mem 0x0000000001000000-0x000000003ffeffff]
[    0.000000]   Normal   empty
[    0.000000]   Device   empty
[    0.000000] Movable zone start for each node
[    0.000000] Early memory node ranges
[    0.000000]   node   0: [mem 0x0000000000001000-0x000000000009efff]
[    0.000000]   node   0: [mem 0x0000000000100000-0x000000003ffeffff]
[    0.000000] Initmem setup node 0 [mem 0x0000000000001000-0x000000003ffeffff]
[    0.000000] ACPI: PM-Timer IO Port: 0x4008
[    0.000000] IOAPIC[0]: apic_id 2, version 32, address 0xfec00000, GSI 0-23
[    0.000000] ACPI: INT_SRC_OVR (bus 0 bus_irq 0 global_irq 2 dfl dfl)
[    0.000000] ACPI: INT_SRC_OVR (bus 0 bus_irq 9 global_irq 9 low level)
[    0.000000] Using ACPI (MADT) for SMP configuration information
[    0.000000] smpboot: Allowing 2 CPUs, 0 hotplug CPUs
[    0.000000] PM: Registered nosave memory: [mem 0x00000000-0x00000fff]
[    0.000000] PM: Registered nosave memory: [mem 0x0009f000-0x0009ffff]
[    0.000000] PM: Registered nosave memory: [mem 0x000a0000-0x000effff]
[    0.000000] PM: Registered nosave memory: [mem 0x000f0000-0x000fffff]
[    0.000000] e820: [mem 0x40000000-0xfebfffff] available for PCI devices
[    0.000000] Booting paravirtualized kernel on KVM
[    0.000000] clocksource: refined-jiffies: mask: 0xffffffff max_cycles: 0xffffffff, max_idle_ns: 7645519600211568 ns
[    0.000000] setup_percpu: NR_CPUS:512 nr_cpumask_bits:512 nr_cpu_ids:2 nr_node_ids:1
[    0.000000] PERCPU: Embedded 33 pages/cpu @ffff88003fc00000 s95512 r8192 d31464 u1048576
[    0.000000] Built 1 zonelists in Node order, mobility grouping on.  Total pages: 257912
[    0.000000] Policy zone: DMA32
[    0.000000] Kernel command line: BOOT_IMAGE=/boot/vmlinuz-4.4.0-186-generic root=LABEL=cloudimg-rootfs ro console=tty1 console=ttyS0
[    0.000000] PID hash table entries: 4096 (order: 3, 32768 bytes)
[    0.000000] Memory: 997664K/1048120K available (8636K kernel code, 1337K rwdata, 4040K rodata, 1492K init, 1296K bss, 50456K reserved, 0K cma-reserved)
[    0.000000] SLUB: HWalign=64, Order=0-3, MinObjects=0, CPUs=2, Nodes=1
[    0.000000] Kernel/User page tables isolation: enabled
[    0.000000] Hierarchical RCU implementation.
[    0.000000] 	Build-time adjustment of leaf fanout to 64.
[    0.000000] 	RCU restricting CPUs from NR_CPUS=512 to nr_cpu_ids=2.
[    0.000000] RCU: Adjusting geometry for rcu_fanout_leaf=64, nr_cpu_ids=2
[    0.000000] NR_IRQS:33024 nr_irqs:440 16
[    0.000000] Console: colour VGA+ 80x25
[    0.000000] console [tty1] enabled
[    0.000000] console [ttyS0] enabled
[    0.000000] tsc: Detected 2904.000 MHz processor
[    0.116171] Calibrating delay loop (skipped) preset value.. 5808.00 BogoMIPS (lpj=11616000)
[    0.117558] pid_max: default: 32768 minimum: 301
[    0.118328] ACPI: Core revision 20150930
[    0.119831] ACPI: 2 ACPI AML tables successfully acquired and loaded
[    0.121018] Security Framework initialized
[    0.121634] Yama: becoming mindful.
[    0.122197] AppArmor: AppArmor initialized
[    0.122868] Dentry cache hash table entries: 131072 (order: 8, 1048576 bytes)
[    0.126114] Inode-cache hash table entries: 65536 (order: 7, 524288 bytes)
[    0.127158] Mount-cache hash table entries: 2048 (order: 2, 16384 bytes)
[    0.128223] Mountpoint-cache hash table entries: 2048 (order: 2, 16384 bytes)
[    0.129382] Initializing cgroup subsys io
[    0.130253] Initializing cgroup subsys memory
[    0.130906] Initializing cgroup subsys devices
[    0.131586] Initializing cgroup subsys freezer
[    0.132246] Initializing cgroup subsys net_cls
[    0.132936] Initializing cgroup subsys perf_event
[    0.133689] Initializing cgroup subsys net_prio
[    0.134400] Initializing cgroup subsys hugetlb
[    0.135109] Initializing cgroup subsys pids
[    0.136799] mce: CPU supports 0 MCE banks
[    0.137590] Last level iTLB entries: 4KB 128, 2MB 8, 4MB 8
[    0.138606] Last level dTLB entries: 4KB 64, 2MB 0, 4MB 0, 1GB 4
[    0.139602] Spectre V1 : Mitigation: usercopy/swapgs barriers and __user pointer sanitization
[    0.140967] Spectre V2 : Mitigation: Full generic retpoline
[    0.142350] Spectre V2 : Spectre v2 / SpectreRSB mitigation: Filling RSB on context switch
[    0.143565] Speculative Store Bypass: Vulnerable
[    0.144266] SRBDS: Unknown: Dependent on hypervisor status
[    0.145150] MDS: Mitigation: Clear CPU buffers
[    0.148013] Freeing SMP alternatives memory: 36K
[    0.153504] ftrace: allocating 32334 entries in 127 pages
[    0.208261] smpboot: APIC(0) Converting physical 0 to logical package 0
[    0.209416] smpboot: Max logical packages: 1
[    0.210254] x2apic enabled
[    0.210904] Switched APIC routing to physical x2apic.
[    0.212538] ..TIMER: vector=0x30 apic1=0 pin1=2 apic2=-1 pin2=-1
[    0.321445] smpboot: CPU0: Intel(R) Core(TM) i5-9400F CPU @ 2.90GHz (family: 0x6, model: 0x9e, stepping: 0xa)
[    0.323344] Performance Events: unsupported p6 CPU model 158 no PMU driver, software events only.
[    0.333632] KVM setup paravirtual spinlock
[    0.335042] x86: Booting SMP configuration:
[    0.335789] .... node  #0, CPUs:      #1
[    0.336668] kvm-clock: cpu 1, msr 0:3ffe3041, secondary cpu clock
[    0.338197] mce: CPU supports 0 MCE banks
[    0.340572] x86: Booted up 1 node, 2 CPUs
[    0.341377] smpboot: Total of 2 processors activated (11616.00 BogoMIPS)
[    0.342605] devtmpfs: initialized
[    0.344426] evm: security.selinux
[    0.345109] evm: security.SMACK64
[    0.345904] evm: security.SMACK64EXEC
[    0.346582] evm: security.SMACK64TRANSMUTE
[    0.347326] evm: security.SMACK64MMAP
[    0.348044] evm: security.ima
[    0.348634] evm: security.capability
[    0.349447] clocksource: jiffies: mask: 0xffffffff max_cycles: 0xffffffff, max_idle_ns: 7645041785100000 ns
[    0.351095] futex hash table entries: 512 (order: 3, 32768 bytes)
[    0.352236] pinctrl core: initialized pinctrl subsystem
[    0.353259] RTC time: 19:50:03, date: 07/28/20
[    0.354286] NET: Registered protocol family 16
[    0.367974] cpuidle: using governor ladder
[    0.380668] cpuidle: using governor menu
[    0.381431] PCCT header not found.
[    0.382139] ACPI: bus type PCI registered
[    0.382859] acpiphp: ACPI Hot Plug PCI Controller Driver version: 0.5
[    0.384048] PCI: Using configuration type 1 for base access
[    0.399875] ACPI: Added _OSI(Module Device)
[    0.400664] ACPI: Added _OSI(Processor Device)
[    0.401498] ACPI: Added _OSI(3.0 _SCP Extensions)
[    0.402312] ACPI: Added _OSI(Processor Aggregator Device)
[    0.403808] ACPI: Executed 1 blocks of module-level executable AML code
[    0.406445] ACPI: Interpreter enabled
[    0.407146] ACPI: (supports S0 S5)
[    0.407780] ACPI: Using IOAPIC for interrupt routing
[    0.408710] PCI: Using host bridge windows from ACPI; if necessary, use "pci=nocrs" and report a bug
[    0.412982] ACPI: PCI Root Bridge [PCI0] (domain 0000 [bus 00-ff])
[    0.414058] acpi PNP0A03:00: _OSC: OS supports [ASPM ClockPM Segments MSI]
[    0.415451] acpi PNP0A03:00: _OSC: not requesting OS control; OS requires [ExtendedConfig ASPM ClockPM MSI]
[    0.417082] acpi PNP0A03:00: fail to add MMCONFIG information, can't access extended PCI configuration space under this bridge.
[    0.419191] PCI host bridge to bus 0000:00
[    0.420046] pci_bus 0000:00: root bus resource [io  0x0000-0x0cf7 window]
[    0.421194] pci_bus 0000:00: root bus resource [io  0x0d00-0xffff window]
[    0.422368] pci_bus 0000:00: root bus resource [mem 0x000a0000-0x000bffff window]
[    0.423852] pci_bus 0000:00: root bus resource [mem 0x40000000-0xfdffffff window]
[    0.425209] pci_bus 0000:00: root bus resource [bus 00-ff]
[    0.427578] pci 0000:00:01.1: legacy IDE quirk: reg 0x10: [io  0x01f0-0x01f7]
[    0.428713] pci 0000:00:01.1: legacy IDE quirk: reg 0x14: [io  0x03f6]
[    0.429806] pci 0000:00:01.1: legacy IDE quirk: reg 0x18: [io  0x0170-0x0177]
[    0.438325] pci 0000:00:01.1: legacy IDE quirk: reg 0x1c: [io  0x0376]
[    0.449880] pci 0000:00:07.0: quirk: [io  0x4000-0x403f] claimed by PIIX4 ACPI
[    0.451241] pci 0000:00:07.0: quirk: [io  0x4100-0x410f] claimed by PIIX4 SMB
[    0.458718] ACPI: PCI Interrupt Link [LNKA] (IRQs 5 9 10 *11)
[    0.460214] ACPI: PCI Interrupt Link [LNKB] (IRQs 5 9 *10 11)
[    0.461668] ACPI: PCI Interrupt Link [LNKC] (IRQs 5 *9 10 11)
[    0.462935] ACPI: PCI Interrupt Link [LNKD] (IRQs 5 9 10 *11)
[    0.464086] ACPI: Enabled 2 GPEs in block 00 to 07
[    0.465161] vgaarb: setting as boot device: PCI:0000:00:02.0
[    0.466045] vgaarb: device added: PCI:0000:00:02.0,decodes=io+mem,owns=io+mem,locks=none
[    0.467287] vgaarb: loaded
[    0.467773] vgaarb: bridge control possible 0000:00:02.0
[    0.468725] SCSI subsystem initialized
[    0.469480] ACPI: bus type USB registered
[    0.470184] usbcore: registered new interface driver usbfs
[    0.471089] usbcore: registered new interface driver hub
[    0.471905] usbcore: registered new device driver usb
[    0.472968] PCI: Using ACPI for IRQ routing
[    0.473917] NetLabel: Initializing
[    0.474525] NetLabel:  domain hash size = 128
[    0.475205] NetLabel:  protocols = UNLABELED CIPSOv4
[    0.478159] NetLabel:  unlabeled traffic allowed by default
[    0.479327] amd_nb: Cannot enumerate AMD northbridges
[    0.480417] clocksource: Switched to clocksource kvm-clock
[    0.489551] AppArmor: AppArmor Filesystem Enabled
[    0.490612] pnp: PnP ACPI init
[    0.491761] pnp: PnP ACPI: found 3 devices
[    0.501063] clocksource: acpi_pm: mask: 0xffffff max_cycles: 0xffffff, max_idle_ns: 2085701024 ns
[    0.502607] NET: Registered protocol family 2
[    0.503543] TCP established hash table entries: 8192 (order: 4, 65536 bytes)
[    0.504751] TCP bind hash table entries: 8192 (order: 5, 131072 bytes)
[    0.505817] TCP: Hash tables configured (established 8192 bind 8192)
[    0.506882] UDP hash table entries: 512 (order: 2, 16384 bytes)
[    0.507872] UDP-Lite hash table entries: 512 (order: 2, 16384 bytes)
[    0.508983] NET: Registered protocol family 1
[    0.509751] pci 0000:00:00.0: Limiting direct PCI/PCI transfers
[    0.510734] pci 0000:00:01.0: Activating ISA DMA hang workarounds
[    0.511820] Unpacking initramfs...
[    0.712895] Freeing initrd memory: 14880K
[    0.713677] clocksource: tsc: mask: 0xffffffffffffffff max_cycles: 0x29dc05e54fc, max_idle_ns: 440795291716 ns
[    0.715161] platform rtc_cmos: registered platform RTC device (no PNP device found)
[    0.716395] Scanning for low memory corruption every 60 seconds
[    0.717588] audit: initializing netlink subsys (disabled)
[    0.718382] audit: type=2000 audit(1595965809.030:1): initialized
[    0.719425] Initialise system trusted keyring
[    0.720561] HugeTLB registered 2 MB page size, pre-allocated 0 pages
[    0.722404] zbud: loaded
[    0.723207] VFS: Disk quotas dquot_6.6.0
[    0.723848] VFS: Dquot-cache hash table entries: 512 (order 0, 4096 bytes)
[    0.725185] squashfs: version 4.0 (2009/01/31) Phillip Lougher
[    0.726303] fuse init (API version 7.23)
[    0.727246] Key type big_key registered
[    0.727955] Allocating IMA MOK and blacklist keyrings.
[    0.730370] Key type asymmetric registered
[    0.731010] Asymmetric key parser 'x509' registered
[    0.731792] Block layer SCSI generic (bsg) driver version 0.4 loaded (major 249)
[    0.733243] io scheduler noop registered
[    0.733861] io scheduler deadline registered (default)
[    0.734734] io scheduler cfq registered
[    0.735406] pci_hotplug: PCI Hot Plug PCI Core version: 0.5
[    0.736264] pciehp: PCI Express Hot Plug Controller Driver version: 0.4
[    0.737410] ACPI: AC Adapter [AC] (on-line)
[    0.738142] input: Power Button as /devices/LNXSYSTM:00/LNXPWRBN:00/input/input0
[    0.739306] ACPI: Power Button [PWRF]
[    0.739939] input: Sleep Button as /devices/LNXSYSTM:00/LNXSLPBN:00/input/input1
[    0.741093] ACPI: Sleep Button [SLPF]
[    0.741894] GHES: HEST is not enabled!
[    0.742692] Serial: 8250/16550 driver, 32 ports, IRQ sharing enabled
[    0.764038] 00:02: ttyS0 at I/O 0x3f8 (irq = 4, base_baud = 115200) is a 16550A
[    0.768192] Linux agpgart interface v0.103
[    0.770242] loop: module loaded
[    0.771315] scsi host0: ata_piix
[    0.772063] scsi host1: ata_piix
[    0.772761] ata1: PATA max UDMA/33 cmd 0x1f0 ctl 0x3f6 bmdma 0xd000 irq 14
[    0.773843] ata2: PATA max UDMA/33 cmd 0x170 ctl 0x376 bmdma 0xd008 irq 15
[    0.774993] libphy: Fixed MDIO Bus: probed
[    0.775767] tun: Universal TUN/TAP device driver, 1.6
[    0.776627] tun: (C) 1999-2004 Max Krasnyansky <maxk@qualcomm.com>
[    0.777718] PPP generic driver version 2.4.2
[    0.778625] ehci_hcd: USB 2.0 'Enhanced' Host Controller (EHCI) Driver
[    0.779721] ehci-pci: EHCI PCI platform driver
[    0.780537] ehci-platform: EHCI generic platform driver
[    0.781409] ohci_hcd: USB 1.1 'Open' Host Controller (OHCI) Driver
[    0.782465] ohci-pci: OHCI PCI platform driver
[    0.783313] ohci-platform: OHCI generic platform driver
[    0.784217] uhci_hcd: USB Universal Host Controller Interface driver
[    0.785370] i8042: PNP: PS/2 Controller [PNP0303:PS2K,PNP0f03:PS2M] at 0x60,0x64 irq 1,12
[    0.787257] serio: i8042 KBD port at 0x60,0x64 irq 1
[    0.788128] serio: i8042 AUX port at 0x60,0x64 irq 12
[    0.789440] mousedev: PS/2 mouse device common for all mice
[    0.790793] input: AT Translated Set 2 keyboard as /devices/platform/i8042/serio0/input/input2
[    0.792771] rtc_cmos rtc_cmos: rtc core: registered rtc_cmos as rtc0
[    0.793735] rtc_cmos rtc_cmos: alarms up to one day, 114 bytes nvram
[    0.794604] i2c /dev entries driver
[    0.795203] device-mapper: uevent: version 1.0.3
[    0.796002] device-mapper: ioctl: 4.34.0-ioctl (2015-10-28) initialised: dm-devel@redhat.com
[    0.797277] ledtrig-cpu: registered to indicate activity on CPUs
[    0.798477] NET: Registered protocol family 10
[    0.799339] NET: Registered protocol family 17
[    0.800097] Key type dns_resolver registered
[    0.801242] registered taskstats version 1
[    0.801888] Loading compiled-in X.509 certificates
[    0.803002] Loaded X.509 cert 'Build time autogenerated kernel key: cef5e81496c0efa51b848ab539e845ddf31c08be'
[    0.804500] zswap: loaded using pool lzo/zbud
[    0.806472] Key type trusted registered
[    0.809568] Key type encrypted registered
[    0.810262] AppArmor: AppArmor sha1 policy hashing enabled
[    0.811043] ima: No TPM chip found, activating TPM-bypass!
[    0.811879] ima: Allocated hash algorithm: sha1
[    0.812573] evm: HMAC attrs: 0x1
[    0.813465]   Magic number: 12:913:850
[    0.814066]  index2: hash matches
[    0.814614]  index2: hash matches
[    0.815225] rtc_cmos rtc_cmos: setting system clock to 2020-07-28 19:50:04 UTC (1595965804)
[    0.816623] BIOS EDD facility v0.16 2004-Jun-25, 0 devices found
[    0.817454] EDD information not available.
[    0.929147] Freeing unused kernel memory: 1492K
[    0.929949] Write protecting the kernel read-only data: 14336k
[    0.931318] Freeing unused kernel memory: 1592K
[    0.932234] Freeing unused kernel memory: 56K
Loading, please wait...
starting version 229
[    0.943383] random: systemd-udevd: uninitialized urandom read (16 bytes read, 1 bits of entropy available)
[    0.943809] random: udevadm: uninitialized urandom read (16 bytes read, 1 bits of entropy available)
[    0.943824] random: udevadm: uninitialized urandom read (16 bytes read, 1 bits of entropy available)
[    0.948222] random: systemd-udevd: uninitialized urandom read (16 bytes read, 1 bits of entropy available)
[    0.949704] random: systemd-udevd: uninitialized urandom read (16 bytes read, 1 bits of entropy available)
[    0.949797] random: udevadm: uninitialized urandom read (16 bytes read, 1 bits of entropy available)
[    0.949828] random: udevadm: uninitialized urandom read (16 bytes read, 1 bits of entropy available)
[    0.949944] random: udevadm: uninitialized urandom read (16 bytes read, 1 bits of entropy available)
[    0.949980] random: udevadm: uninitialized urandom read (16 bytes read, 1 bits of entropy available)
[    0.950016] random: udevadm: uninitialized urandom read (16 bytes read, 1 bits of entropy available)
[    0.979373] e1000: Intel(R) PRO/1000 Network Driver - version 7.3.21-k8-NAPI
[    0.980473] e1000: Copyright (c) 1999-2006 Intel Corporation.
[    0.983232] Fusion MPT base driver 3.04.20
[    0.984068] Copyright (c) 1999-2008 LSI Corporation
[    0.994895] Fusion MPT SPI Host driver 3.04.20
[    0.997170] AVX2 version of gcm_enc/dec engaged.
[    0.997932] AES CTR mode by8 optimization enabled
[    1.181506] input: ImExPS/2 Generic Explorer Mouse as /devices/platform/i8042/serio1/input/input4
[    1.332280] e1000 0000:00:03.0 eth0: (PCI:33MHz:32-bit) 02:e5:f9:b1:f5:c2
[    1.333377] e1000 0000:00:03.0 eth0: Intel(R) PRO/1000 Network Connection
[    1.334892] mptbase: ioc0: Initiating bringup
[    1.396812] ioc0: LSI53C1030 A0: Capabilities={Initiator}
[    1.558838] scsi host2: ioc0: LSI53C1030 A0, FwRev=00000000h, Ports=1, MaxQ=256, IRQ=20
[    1.670459] scsi 2:0:0:0: Direct-Access     VBOX     HARDDISK         1.0  PQ: 0 ANSI: 5
[    1.674419] scsi target2:0:0: Beginning Domain Validation
[    1.676852] scsi target2:0:0: Domain Validation skipping write tests
[    1.677911] scsi target2:0:0: Ending Domain Validation
[    1.678799] scsi target2:0:0: asynchronous
[    1.679858] scsi 2:0:1:0: Direct-Access     VBOX     HARDDISK         1.0  PQ: 0 ANSI: 5
[    1.681315] scsi target2:0:1: Beginning Domain Validation
[    1.682828] scsi target2:0:1: Domain Validation skipping write tests
[    1.683803] scsi target2:0:1: Ending Domain Validation
[    1.692086] scsi target2:0:1: asynchronous
[    1.713069] sd 2:0:0:0: Attached scsi generic sg0 type 0
[    1.714520] sd 2:0:1:0: Attached scsi generic sg1 type 0
[    1.715961] sd 2:0:1:0: [sdb] 20480 512-byte logical blocks: (10.5 MB/10.0 MiB)
[    1.717621] sd 2:0:0:0: [sda] 20971520 512-byte logical blocks: (10.7 GB/10.0 GiB)
[    1.719342] sd 2:0:1:0: [sdb] Write Protect is off
[    1.720483] sd 2:0:0:0: [sda] Write Protect is off
[    1.721246] sd 2:0:1:0: [sdb] Incomplete mode parameter data
[    1.722237] sd 2:0:1:0: [sdb] Assuming drive cache: write through
[    1.723236] sd 2:0:0:0: [sda] Incomplete mode parameter data
[    1.724063] sd 2:0:0:0: [sda] Assuming drive cache: write through
[    1.726174]  sda: sda1
[    1.727215] sd 2:0:1:0: [sdb] Attached SCSI disk
[    1.728340] sd 2:0:0:0: [sda] Attached SCSI disk
[    2.015636] e1000 0000:00:08.0 eth1: (PCI:33MHz:32-bit) 08:00:27:9f:5c:ac
[    2.016684] e1000 0000:00:08.0 eth1: Intel(R) PRO/1000 Network Connection
[    2.018387] e1000 0000:00:03.0 enp0s3: renamed from eth0
[    2.033130] e1000 0000:00:08.0 enp0s8: renamed from eth1
Begin: Loading essential drivers ... [    3.287242] md: linear personality registered for level -1
[    3.289977] md: multipath personality registered for level -4
[    3.292504] md: raid0 personality registered for level 0
[    3.295959] md: raid1 personality registered for level 1
[    3.364523] raid6: sse2x1   gen() 14094 MB/s
[    3.432847] raid6: sse2x1   xor() 10457 MB/s
[    3.500506] raid6: sse2x2   gen() 17414 MB/s
[    3.568817] raid6: sse2x2   xor() 11928 MB/s
[    3.636746] raid6: sse2x4   gen() 19985 MB/s
[    3.704458] raid6: sse2x4   xor() 13048 MB/s
[    3.772560] raid6: avx2x1   gen() 28232 MB/s
[    3.840680] raid6: avx2x2   gen() 33023 MB/s
[    3.908466] raid6: avx2x4   gen() 35323 MB/s
[    3.909112] raid6: using algorithm avx2x4 gen() 35323 MB/s
[    3.910143] raid6: using avx2x2 recovery algorithm
[    3.911819] xor: automatically using best checksumming function:
[    3.952939]    avx       : 32170.000 MB/sec
[    3.954690] async_tx: api initialized (async)
[    3.963812] md: raid6 personality registered for level 6
[    3.964659] md: raid5 personality registered for level 5
[    3.965451] md: raid4 personality registered for level 4
[    3.971000] md: raid10 personality registered for level 10
done.
Begin: Running /scripts/init-premount ... done.
Begin: Mounting root file system ... Begin: Running /scripts/local-top ... done.
Begin: Running /scripts/local-premount ... [    3.994678] Btrfs loaded
Scanning for Btrfs filesystems
done.
Warning: fsck not present, so skipping root file system
[    4.016809] EXT4-fs (sda1): mounted filesystem with ordered data mode. Opts: (null)
done.
Begin: Running /scripts/local-bottom ... done.
Begin: Running /scripts/init-bottom ... done.
[    4.102527] systemd[1]: systemd 229 running in system mode. (+PAM +AUDIT +SELINUX +IMA +APPARMOR +SMACK +SYSVINIT +UTMP +LIBCRYPTSETUP +GCRYPT +GNUTLS +ACL +XZ -LZ4 +SECCOMP +BLKID +ELFUTILS +KMOD -IDN)
[    4.104951] systemd[1]: Detected virtualization oracle.
[    4.105766] systemd[1]: Detected architecture x86-64.

Welcome to [1mUbuntu 16.04.6 LTS[0m!

[    4.113792] systemd[1]: Set hostname to <ubuntu>.
[    4.116556] systemd[1]: Initializing machine ID from random generator.
[    4.117588] systemd[1]: Installed transient /etc/machine-id file.
[    4.220580] systemd[1]: Reached target User and Group Name Lookups.
[[0;32m  OK  [0m] Reached target User and Group Name Lookups.
[    4.229547] systemd[1]: Listening on udev Control Socket.
[[0;32m  OK  [0m] Listening on udev Control Socket.
[    4.230911] systemd[1]: Listening on udev Kernel Socket.
[[0;32m  OK  [0m] Listening on udev Kernel Socket.
[    4.237257] systemd[1]: Reached target Swap.
[[0;32m  OK  [0m] Reached target Swap.
[    4.238530] systemd[1]: Started Trigger resolvconf update for networkd DNS.
[[0;32m  OK  [0m] Started Trigger resolvconf update for networkd DNS.
[    4.240315] systemd[1]: Listening on LVM2 metadata daemon socket.
[[0;32m  OK  [0m] Listening on LVM2 metadata daemon socket.
[    4.249194] systemd[1]: Created slice System Slice.
[[0;32m  OK  [0m] Created slice System Slice.
[    4.250476] systemd[1]: Reached target Encrypted Volumes.
[[0;32m  OK  [0m] Reached target Encrypted Volumes.
[    4.256790] systemd[1]: Started Forward Password Requests to Wall Directory Watch.
[[0;32m  OK  [0m] Started Forward Password Requests to Wall Directory Watch.
[    4.258910] systemd[1]: Listening on Journal Socket.
[[0;32m  OK  [0m] Listening on Journal Socket.
[    4.273350] systemd[1]: Mounting POSIX Message Queue File System...
         Mounting POSIX Message Queue File System...
[    4.275818] systemd[1]: Starting Uncomplicated firewall...
         Starting Uncomplicated firewall...
[    4.277775] systemd[1]: Starting Nameserver information manager...
         Starting Nameserver information manager...
[    4.285509] systemd[1]: Starting Set console keymap...
         Starting Set console keymap...
[    4.286879] systemd[1]: Listening on Journal Audit Socket.
[[0;32m  OK  [0m] Listening on Journal Audit Socket.
[    4.292678] systemd[1]: Listening on Syslog Socket.
[[0;32m  OK  [0m] Listening on Syslog Socket.
[    4.294183] systemd[1]: Created slice User and Session Slice.
[[0;32m  OK  [0m] Created slice User and Session Slice.
[    4.295667] systemd[1]: Reached target Slices.
[[0;32m  OK  [0m] Reached target Slices.
[    4.296995] systemd[1]: Created slice system-serial\x2dgetty.slice.
[[0;32m  OK  [0m] Created slice system-serial\x2dgetty.slice.
[    4.298865] systemd[1]: Mounting Debug File System...
         Mounting Debug File System...
[    4.307091] systemd[1]: Starting Load Kernel Modules...
         Starting Load Kernel Modules...
[    4.312561] systemd[1]: Listening on /dev/initctl Compatibility Named Pipe.
[[0;32m  OK  [0m] Listening on /dev/initctl Compatibility Named Pipe.
[    4.314376] systemd[1]: Listening on Device-mapper event daemon FIFOs.
[[0;32m  OK  [0m] Listening on Device-mapper event daemon FIFOs.
[    4.317230] systemd[1]: Starting Monitoring of LVM2 mirrors, snapshots etc. using dmeventd or progress polling...
[    4.319457] Loading iSCSI transport class v2.0-870.
         Starting Monitoring of LVM2 mirrors... dmeventd or progress polling...
[    4.321149] systemd[1]: Set up automount Arbitrary Executable File Formats File System Automount Point.
[[0;32m  OK  [0m] Set up automount Arbitrary Executab...ats File System Automount Point.
[    4.324823] systemd[1]: Mounting Huge Pages File System...
         Mounting Huge Pages File System...
[    4.326283] systemd[1]: Listening on LVM2 poll daemon socket.
[[0;32m  OK  [0m] Listening on LVM2 poll daemon socket.
[    4.328215] systemd[1]: Starting Create list of required static device nodes for the current kernel...
         Starting Create list of required st... nodes for the current kernel...
[    4.330613] systemd[1]: Listening on Journal Socket (/dev/log).
[[0;32m  OK  [0m] Listening on Journal Socket (/dev/log).
[    4.334888] iscsi: registered transport (tcp)
[    4.341270] systemd[1]: Starting Journal Service...
         Starting Journal Service...
[    4.342636] systemd[1]: Reached target System Time Synchronized.
[[0;32m  OK  [0m] Reached target System Time Synchronized.
[    4.344807] systemd[1]: Starting Remount Root and Kernel File Systems...
         Starting Remount Root and Kernel File Systems...
[    4.348059] systemd[1]: Mounted POSIX Message Queue File System.
[    4.348098] EXT4-fs (sda1): re-mounted. Opts: (null)
[[0;32m  OK  [0m] Mounted POSIX Message Queue File System.
[    4.350521] systemd[1]: Mounted Debug File System.
[[0;32m  OK  [0m] Mounted Debug File System.
[    4.351912] systemd[1]: Mounted Huge Pages File System.
[[0;32m  OK  [0m] Mounted Huge Pages File System.
[    4.354435] systemd[1]: Started Uncomplicated firewall.
[[0;32m  OK  [0m] Started Uncomplicated firewall.
[    4.366361] iscsi: registered transport (iser)
[    4.373383] systemd[1]: Started Set console keymap.
[[0;32m  OK  [0m] Started Set console keymap.
[    4.377801] systemd[1]: Started Load Kernel Modules.
[[0;32m  OK  [0m] Started Load Kernel Modules.
[    4.381627] systemd[1]: Started Create list of required static device nodes for the current kernel.
[[0;32m  OK  [0m] Started Create list of required sta...ce nodes for the current kernel.
[    4.388957] systemd[1]: Started Remount Root and Kernel File Systems.
[[0;32m  OK  [0m] Started Remount Root and Kernel File Systems.
[    4.397422] systemd[1]: Started Nameserver information manager.
[[0;32m  OK  [0m] Started Nameserver information manager.
[    4.400090] systemd[1]: Started Journal Service.
[[0;32m  OK  [0m] Started Journal Service.
[[0;32m  OK  [0m] Started LVM2 metadata daemon.
         Starting Flush Journal to Persistent Storage...
         Starting udev Coldplug all Devices...
         Starting Load/Save Random Seed...
         Starting Create Static Device Nodes in /dev...
         Mounting FUSE Control File System...
         Starting Apply Kernel Variables...
[[0;32m  OK  [0m] Mounted FUSE Control File System.
[[0;32m  OK  [0m] Started Load/Save Random Seed.
[    4.432559] systemd-journald[395]: Received request to flush runtime journal from PID 1
[[0;32m  OK  [0m] Started Flush Journal to Persistent Storage.
[[0;32m  OK  [0m] Started Apply Kernel Variables.
[[0;32m  OK  [0m] Started Create Static Device Nodes in /dev.
         Starting udev Kernel Device Manager...
[[0;32m  OK  [0m] Started udev Coldplug all Devices.
[[0;32m  OK  [0m] Started udev Kernel Device Manager.
[[0;32m  OK  [0m] Started Dispatch Password Requests to Console Directory Watch.
[[0;32m  OK  [0m] Started Monitoring of LVM2 mirrors,...ng dmeventd or progress polling.
[[0;32m  OK  [0m] Reached target Local File Systems (Pre).
[[0;32m  OK  [0m] Reached target Local File Systems.
         Starting Initial cloud-init job (pre-networking)...
         Starting Create Volatile Files and Directories...
         Starting Set console font and keymap...
         Starting LSB: AppArmor initialization...
         Starting Commit a transient machine-id on disk...
         Starting Tell Plymouth To Write Out Runtime Data...
[[0;32m  OK  [0m] Started Create Volatile Files and Directories.
         Starting Update UTMP about System Boot/Shutdown...
[[0;32m  OK  [0m] Started Tell Plymouth To Write Out Runtime Data.
[[0;32m  OK  [0m] Started Update UTMP about System Boot/Shutdown.
[[0;32m  OK  [0m] Started Commit a transient machine-id on disk.
[[0;32m  OK  [0m] Found device /dev/ttyS0.
[[0;32m  OK  [0m] Listening on Load/Save RF Kill Switch Status /dev/rfkill Watch.
[[0;32m  OK  [0m] Started LSB: AppArmor initialization.
[    5.299226] cloud-init[476]: Cloud-init v. 20.2-45-g5f7825e2-0ubuntu1~16.04.1 running 'init-local' at Tue, 28 Jul 2020 19:50:08 +0000. Up 5.00 seconds.
         Starting Load AppArmor profiles managed internally by snapd...
[[0;32m  OK  [0m] Started Load AppArmor profiles managed internally by snapd.
[[0;32m  OK  [0m] Started Initial cloud-init job (pre-networking).
[[0;32m  OK  [0m] Started Set console font and keymap.
[[0;32m  OK  [0m] Created slice system-getty.slice.
[[0;32m  OK  [0m] Reached target Network (Pre).
         Starting Raise network interfaces...
[[0;32m  OK  [0m] Started Raise network interfaces.
         Starting Initial cloud-init job (metadata service crawler)...
[[0;32m  OK  [0m] Reached target Network.
[    6.212736] cloud-init[952]: Cloud-init v. 20.2-45-g5f7825e2-0ubuntu1~16.04.1 running 'init' at Tue, 28 Jul 2020 19:50:09 +0000. Up 5.77 seconds.
[    6.213875] cloud-init[952]: ci-info: ++++++++++++++++++++++++++++++++++++++Net device info+++++++++++++++++++++++++++++++++++++++
[    6.215202] cloud-init[952]: ci-info: +--------+-------+----------------------------+---------------+--------+-------------------+
[    6.224513] cloud-init[952]: ci-info: | Device |   Up  |          Address           |      Mask     | Scope  |     Hw-Address    |
[    6.232788] cloud-init[952]: ci-info: +--------+-------+----------------------------+---------------+--------+-------------------+
[    6.240299] [cloud-init[0;32m  OK  [0m[952]: ] ci-info: | enp0s3 |  True |         10.0.2.15          | 255.255.255.0 | global | 02:e5:f9:b1:f5:c2 |Started Initial cloud-init job (metadata service crawler).

[    6.240867] [[0;32m  OK  [0m] Reached target Cloud-config availability.
[[0;32m  OK  [0m] Reached target Network is Online.
cloud-init[952]: ci-info: | enp0s3 |  True | fe80::e5:f9ff:feb1:f5c2/64 |       .       |  link  | 02:e5:f9:b1:f5:c2 |
[    6.243385] cloud-init[952]: ci-info: | enp0s8 | False |             .              |       .       |   .    | 08:00:27:9f:5c:ac |
[    6.244682] cloud-init[952]: ci-info: |   lo   |  True |         127.0.0.1          |   255.0.0.0   |  host  |         .         |
[    6.245943] cloud-init[952]: ci-info: |   lo   |  True |          ::1/128           |       .       |  host  |         .         |
[    6.247132] cloud-init[952]: ci-info: +--------+-------+----------------------------+---------------+--------+-------------------+
[    6.248294] cloud-init[952]: ci-info: +++++++++++++++++++++++++++Route IPv4 info++++++++++++++++++++++++++++
[    6.249410] cloud-init[952]: ci-info: +-------+-------------+----------+---------------+-----------+-------+
[    6.250513] cloud-init[952]: ci-info: | Route | Destination | Gateway  |    Genmask    | Interface | Flags |
[    6.251622] cloud-init[952]: ci-info: +-------+-------------+----------+---------------+-----------+-------+
[    6.252731] cloud-init[952]: ci-info: |   0   |   0.0.0.0   | 10.0.2.2 |    0.0.0.0    |   enp0s3  |   UG  |
[    6.253769] cloud-init[952]: ci-info: |   1   |   10.0.2.0  | 0.0.0.0  | 255.255.255.0 |   enp0s3  |   U   |
[    6.260370]          cloud-initStarting iSCSI initiator daemon (iscsid)...[952]: 
ci-info: +-------+-------------+----------+---------------+-----------+-------+
[    6.261219] [[0;32m  OK  [0m] Reached target System Initialization.
[[0;32m  OK  [0m] Started Daily Cleanup of Temporary Directories.
cloud-init[952]: ci-info: +++++++++++++++++++Route IPv6 info+++++++++++++++++++
[    6.262862] [[0;32m  OK  [0m] Started Message of the Day.
[[0;32m  OK  [0m] Listening on D-Bus System Message Bus Socket.
cloud-init[952]: ci-info: +-------+-------------+---------+-----------+-------+
[    6.265328] [[0;32m  OK  [0m] Started ACPI Events Check.
[[0;32m  OK  [0m] Reached target Paths.
[[0;32m  OK  [0m] Listening on ACPID Listen Socket.
cloud-init[952]: ci-info: | Route | Destination | Gateway | Interface | Flags |
         Starting LXD - unix socket.
[[0;32m  OK  [0m] Started Daily apt download activities.
[    6.267464] cloud-init[952]: ci-info: +-------+-------------+---------+-----------+-------+
[    6.284946] [cloud-init[0;32m  OK  [0m[952]: ] ci-info: |   0   |  fe80::/64  |    ::   |   enp0s3  |   U   |Started Daily apt upgrade and clean activities.

[[0;32m  OK  [0m] Listening on UUID daemon activation socket.
[    6.293182]          Starting Socket activation for snappy daemon.
cloud-init[952]: ci-info: |   3   |   ff00::/8  |    ::   |   enp0s3  |   U   |
[    6.313376] [cloud-init[0;32m  OK  [0m[952]: ] ci-info: +-------+-------------+---------+-----------+-------+Reached target Timers.

[    6.321142] cloud-init[952]: Generating public/private rsa key pair.
[    6.328219] cloud-init[952]: Your identification has been saved in /etc/ssh/ssh_host_rsa_key.
[    6.336782] cloud-init[952]: Your public key has been saved in /etc/ssh/ssh_host_rsa_key.pub.
[    6.336937] cloud-init[952]: The key fingerprint is:
[[0;32m  OK  [0m] Listening on LXD - unix socket.
[[    6.336966] cloud-init[952]: SHA256:lbAZTSfuiGKKCdZ7Y9cDP4YEdM604j56f+Ux24iHdIw root@ubuntu-xenial
[    6.338159] cloud-init[952]: The key's randomart image is:
[    6.338279] [0;32m  OK  [0mcloud-init] [952]: Listening on Socket activation for snappy daemon.+---[RSA 2048]----+

[    6.338312] cloud-init[952]: |     . oooo .    |
[    6.339795] cloud-init[952]: |    . = .*.+     |
[    6.340236] cloud-init[952]: |     o +o +      |
[    6.340560] cloud-init[952]: |  . . o. +       |
[    6.340875] cloud-init[952]: |.. .o..oS +      |
[    6.341196] cloud-init[952]: |oo oo.. =E *     |
[    6.341528] cloud-init[952]: |o .. * o.** *    |
[    6.341846] cloud-init[952]: |    +.+ .+o= .   |
[    6.342166] cloud-init[952]: |   .. ... .      |
[    6.342496] cloud-init[952]: +----[SHA256]-----+
[    6.342813] cloud-init[952]: Generating public/private dsa key pair.
[    6.343139] cloud-init[952]: Your identification has been saved in /etc/ssh/ssh_host_dsa_key.
[    6.343472] cloud-init[952]: Your public key has been saved in /etc/ssh/ssh_host_dsa_key.pub.
[    6.343790] cloud-init[952]: The key fingerprint is:
[    6.344043] cloud-init[952]: SHA256:Xrs2cdet3gGp07SU+vJViBUKpQa1b8R1lWutczvEmP4 root@ubuntu-xenial
[    6.344339] cloud-init[952]: The key's randomart image is:
[    6.344445] cloud-init[952]: +---[DSA 1024]----+
[[0;32m  OK  [0m] Started iSCSI initiator daemon (iscsid).
[    6.344496] cloud-init[952]: |        ..o.. o =|
[    6.348258] cloud-init[952]: |         . = o + |
         Starting Login to default iSCSI targets...
[[0;32m  OK  [0m] Reached target Sockets.
[[0;32m  OK  [0m] [    6.348874] cloud-init[952]: |          + + . o|
[    6.350191] cloud-init[952]: |         . o oo+.|
[    6.350523] cloud-init[952]: |        S . +**oo|
[    6.350833] cloud-init[952]: |       . ..oBo*o=|
[    6.351152] cloud-init[952]: |        . .*.+.*.|
[    6.351275] cloud-init[952]: |          ooo.o+.|
[    6.351343] cloud-init[952]: |         ...o+oEo|
[    6.351417] cloud-init[952]: +----[SHA256]-----+
Reached target Basic System.
[[0;32m  OK  [0m] Started Deferred execution scheduler.
         Starting System Logging Service...
[    6.351508] cloud-init[952]: Generating public/private ecdsa key pair.
[    6.367152]          Starting Pollinate to seed the pseudo random number generator...
cloud-init[952]: Your identification has been saved in /etc/ssh/ssh_host_ecdsa_key.
[[0;32m  OK  [0m] Started Regular background program processing daemon.
         Starting /etc/rc.local Compatibility...
[[0;32m  OK  [0m] Started FUSE filesystem for LXC.
         Starting Login Service...
         Starting Snap Daemon...
         Starting Virtualbox guest utils...
[[0;32m  OK  [0m] Started D-Bus System Message Bus.
[    6.369466] cloud-init[952]: Your public key has been saved in /etc/ssh/ssh_host_ecdsa_key.pub.
[    6.379272] cloud-init[952]: The key fingerprint is:
[    6.384257] cloud-init[952]: SHA256:9uYpxZ9W+ZaEBrE7rhUbwCFfhuMqXm5hkYv48N7oCl0 root@ubuntu-xenial
[    6.385604] cloud-init[952]: The key's randomart image is:
[    6.387339] cloud-init[952]: +---[ECDSA 256]---+
[    6.388701] cloud-init[952]: |       . ..o     |
[    6.389718] cloud-init[952]: |        +o+.     |
[    6.390834] cloud-init[952]: |        o+. o    |
[    6.391726] cloud-init[952]: |       o ..o     |
[    6.393057] cloud-init[952]: |    .E. S. oo .. |
[    6.394167] cloud-init[952]: |  .o.o B .oo+oo. |
[    6.395694] cloud-init[952]: | . .= = ..++oo...|
[    6.396781] cloud-init[952]: |  .  +oo.o.o+  .o|
[    6.397840] cloud-init[952]: |   .++.. o+.   . |
[    6.399044] cloud-init[952]: +----[SHA256]-----+
[    6.400222] cloud-init[952]: Generating public/private ed25519 key pair.
[    6.409682] cloud-init[952]: Your identification has been saved in /etc/ssh/ssh_host_ed25519_key.
[    6.410746] cloud-init[952]: Your public key has been saved in /etc/ssh/ssh_host_ed25519_key.pub.
[    6.411749] cloud-init[952]: The key fingerprint is:
         Starting LSB: Record successful boot for GRUB...
         Starting LSB: MD monitoring daemon...
[    6.416378] cloud-init[952]: SHA256:AYl4d8AcMH44m71P8I0X43hLORE8kijh4C3asSDZDKo root@ubuntu-xenial
[    6.429968] cloud-init[952]: The key's randomart image is:
[    6.430711] cloud-init[952]: +--[ED25519 256]--+
[    6.431383] cloud-init[952]: |. ..+=++         |
[    6.440211] cloud-init[952]: |.*.=o+=o.o       |
[[0;32m  OK  [0m] Started ACPI event daemon.
         Starting Accounts Service...
         Starting LXD - container startup/shutdown...
[    6.448038] cloud-init[952]: |= *.B.o.+ +      |
[[0;32m  OK  [0m] Started System Logging Service.
[    6.464915] cloud-init[952]: |o+ + B   o o     |
[[0;32m  OK  [0m] Started /etc/rc.local Compatibility.
[    6.473409] cloud-init[952]: |E o o o S +      |
[    6.474180] cloud-init[952]: |       + = =     |
[    6.475251] cloud-init[952]: |      . = O      |
[    6.476030] cloud-init[952]: |       o + o     |
[    6.476849] cloud-init[952]: |        . .      |
[    6.478203] cloud-init[952]: +----[SHA256]-----+
[[0;32m  OK  [0m] Started LSB: MD monitoring daemon.
[[0;32m  OK  [0m] Started Login Service.
[[0;32m  OK  [0m] Started Unattended Upgrades Shutdown.
[[0;32m  OK  [0m] Started LSB: Record successful boot for GRUB.
[[0;32m  OK  [0m] Started Login to default iSCSI targets.
[[0;32m  OK  [0m] Reached target Remote File Systems (Pre).
[[0;32m  OK  [0m] Reached target Remote File Systems.
         Starting LSB: automatic crash report generation...
         Starting LSB: daemon to balance interrupts for SMP systems...
         Starting Permit User Sessions...
         Starting LSB: Set the CPU Frequency Scaling governor to "ondemand"...
[[0;32m  OK  [0m] Started Permit User Sessions.
         Starting Authenticate and Authorize Users to Run Privileged Tasks...
         Starting Terminate Plymouth Boot Screen...
         Starting Hold until boot process finishes up...
[[0;32m  OK  [0m] Started Hold until boot process finishes up.
[[0;32m  OK  [0m] Started Terminate Plymouth Boot Screen.
[[0;32m  OK  [0m] Started Getty on tty1.
         Starting Set console scheme...
[[0;32m  OK  [0m] Started Serial Getty on ttyS0.
[[0;32m  OK  [0m] Reached target Login Prompts.
[[0;32m  OK  [0m] Started LSB: Set the CPU Frequency Scaling governor to "ondemand".
[[0;32m  OK  [0m] Started Set console scheme.
[[0;32m  OK  [0m] Started LSB: automatic crash report generation.
[[0;32m  OK  [0m] Started Authenticate and Authorize Users to Run Privileged Tasks.
[[0;32m  OK  [0m] Started Accounts Service.
[[0;32m  OK  [0m] Started LSB: daemon to balance interrupts for SMP systems.
[[0;32m  OK  [0m] Started Virtualbox guest utils.
[[0;32m  OK  [0m] Started LXD - container startup/shutdown.
[[0;32m  OK  [0m] Started Pollinate to seed the pseudo random number generator.
         Starting OpenBSD Secure Shell server...
[[0;32m  OK  [0m] Started OpenBSD Secure Shell server.
[[0;32m  OK  [0m] Started Snap Daemon.
         Starting Wait until snapd is fully seeded...
[[0;32m  OK  [0m] Started Wait until snapd is fully seeded.
         Starting Apply the settings specified in cloud-config...
[[0;32m  OK  [0m] Reached target Multi-User System.
[[0;32m  OK  [0m] Reached target Graphical Interface.
         Starting Update UTMP about System Runlevel Changes...
[[0;32m  OK  [0m] Started Update UTMP about System Runlevel Changes.
[    7.559407] cloud-init[1304]: Generating locales (this might take a while)...
[    8.135377] cloud-init[1304]:   en_US.UTF-8... done
[    8.144286] cloud-init[1304]: Generation complete.
[    8.354812] cloud-init[1304]: Cloud-init v. 20.2-45-g5f7825e2-0ubuntu1~16.04.1 running 'modules:config' at Tue, 28 Jul 2020 19:50:11 +0000. Up 7.48 seconds.
[[0;32m  OK  [0m] Started Apply the settings specified in cloud-config.
         Starting Execute cloud user/final scripts...
ci-info: no authorized SSH keys fingerprints found for user ubuntu.
<14>Jul 28 19:50:12 ec2: 
<14>Jul 28 19:50:12 ec2: #############################################################
<14>Jul 28 19:50:12 ec2: -----BEGIN SSH HOST KEY FINGERPRINTS-----
<14>Jul 28 19:50:12 ec2: 1024 SHA256:Xrs2cdet3gGp07SU+vJViBUKpQa1b8R1lWutczvEmP4 root@ubuntu-xenial (DSA)
<14>Jul 28 19:50:12 ec2: 256 SHA256:9uYpxZ9W+ZaEBrE7rhUbwCFfhuMqXm5hkYv48N7oCl0 root@ubuntu-xenial (ECDSA)
<14>Jul 28 19:50:12 ec2: 256 SHA256:AYl4d8AcMH44m71P8I0X43hLORE8kijh4C3asSDZDKo root@ubuntu-xenial (ED25519)
<14>Jul 28 19:50:12 ec2: 2048 SHA256:lbAZTSfuiGKKCdZ7Y9cDP4YEdM604j56f+Ux24iHdIw root@ubuntu-xenial (RSA)
<14>Jul 28 19:50:12 ec2: -----END SSH HOST KEY FINGERPRINTS-----
<14>Jul 28 19:50:12 ec2: #############################################################
-----BEGIN SSH HOST KEY KEYS-----
ecdsa-sha2-nistp256 AAAAE2VjZHNhLXNoYTItbmlzdHAyNTYAAAAIbmlzdHAyNTYAAABBBMXjkgKz5rm9/mp3OVAYFEw5cnYLx0FJAjvi84GjSc+XMeAImB2eVrlU2jWDX2C9DGZJxWTtAF4fbDU+a9jYj7I= root@ubuntu-xenial
ssh-ed25519 AAAAC3NzaC1lZDI1NTE5AAAAIJ5K/99ljtpKVY7YGI56eUUcoh7fwBXiFj3uzeyDFy+i root@ubuntu-xenial
ssh-rsa AAAAB3NzaC1yc2EAAAADAQABAAABAQDqB42p2N4buoTa+EKSjnID06YkgQXCWUOTdVXqSDRwPcERNPxJn2EGEQzKurGV2QUGfi3WzuYAt4Zg54bYV6wPsCttrDcDvU1rFKbxJgdwJZj9BxnUByn6cazkqsXTBb9coevZObueQvVcePdm9ThZnpYezkMhToztaJMGuNy5Tk6uQ6QHRZAtKS6/GIhlnaR/w8Jh5F1O9A0y9PWIqh41hAH6FI1MVTWFKSYmb4LEGgvAe4t5YbwKF2kDIJ+eAcQg4XIbLotPMhyXI0Q/CG3dmwdZFmr4Yy238Tft6rPu6MM8vNDOCSd4yU0FpZ899znml1bJVd9JSp/5jA1cW2vH root@ubuntu-xenial
-----END SSH HOST KEY KEYS-----
[    8.679597] cloud-init[1347]: Cloud-init v. 20.2-45-g5f7825e2-0ubuntu1~16.04.1 running 'modules:final' at Tue, 28 Jul 2020 19:50:12 +0000. Up 8.57 seconds.
[    8.681056] cloud-init[1347]: ci-info: no authorized SSH keys fingerprints found for user ubuntu.
[    8.682146] cloud-init[1347]: Cloud-init v. 20.2-45-g5f7825e2-0ubuntu1~16.04.1 finished at Tue, 28 Jul 2020 19:50:12 +0000. Datasource DataSourceNoCloud [seed=/dev/sdb][dsmode=net].  Up 8.67 seconds
[[0;32m  OK  [0m] Started Execute cloud user/final scripts.
[[0;32m  OK  [0m] Reached target Cloud-init target.

Ubuntu 16.04.6 LTS ubuntu-xenial ttyS0

ubuntu-xenial login: 